* using log directory 'C:/Users/TheJerkBox/Desktop/joinEasy/..Rcheck'
* using R version 4.1.3 (2022-03-10)
* using platform: x86_64-w64-mingw32 (64-bit)
* using session charset: ISO8859-1
* checking for file './DESCRIPTION' ... OK
* checking extension type ... Package
* this is package 'joinEasy' version '1.0'
* checking package namespace information ... OK
* checking package dependencies ... OK
* checking if this is a source package ... OK
* checking if there is a namespace ... OK
* checking for .dll and .exe files ... OK
* checking for hidden files and directories ... NOTE
Found the following hidden files and directories:
  .idea/.gitignore
  ..Rcheck
  .idea
These were most likely included in error. See section 'Package
structure' in the 'Writing R Extensions' manual.
* checking for portable file names ... OK
* checking whether package 'joinEasy' can be installed ... WARNING
Found the following significant warnings:
  Warning: C:/Users/TheJerkBox/Desktop/joinEasy/man/anti_join.Rd:9: unexpected section header '\details'
  Warning: C:/Users/TheJerkBox/Desktop/joinEasy/man/cross_join.Rd:8: unexpected '}'
  Warning: C:/Users/TheJerkBox/Desktop/joinEasy/man/full_outer_exclusive_join.Rd:10: unexpected section header '\details'
  Warning: C:/Users/TheJerkBox/Desktop/joinEasy/man/inner_join.Rd:9: unexpected section header '\details'
  Warning: C:/Users/TheJerkBox/Desktop/joinEasy/man/left_outer_join.Rd:9: unexpected section header '\details'
  Warning: C:/Users/TheJerkBox/Desktop/joinEasy/man/right_outer_join.Rd:10: unexpected section header '\details'
  Warning: C:/Users/TheJerkBox/Desktop/joinEasy/man/semi_join.Rd:9: unexpected section header '\details'
See 'C:/Users/TheJerkBox/Desktop/joinEasy/..Rcheck/00install.out' for details.
* checking package directory ... OK
* checking DESCRIPTION meta-information ... NOTE
License components which are templates and need '+ file LICENSE':
  MIT
Checking should be performed on sources prepared by 'R CMD build'.
* checking top-level files ... OK
* checking for left-over files ... OK
* checking index information ... OK
* checking package subdirectories ... WARNING
Found the following directory with the name of a check directory:
  ./..Rcheck
Most likely, these were included erroneously.
* checking R files for non-ASCII characters ... OK
* checking R files for syntax errors ... OK
* checking whether the package can be loaded ... OK
* checking whether the package can be loaded with stated dependencies ... OK
* checking whether the package can be unloaded cleanly ... OK
* checking whether the namespace can be loaded with stated dependencies ... OK
* checking whether the namespace can be unloaded cleanly ... OK
* checking loading without being on the library search path ... OK
* checking dependencies in R code ... OK
* checking S3 generic/method consistency ... OK
* checking replacement functions ... OK
* checking foreign function calls ... OK
* checking R code for possible problems ... NOTE
anti_join: no visible binding for global variable 'fn'
inner_join: no visible binding for global variable 'fn'
left_outer_join: no visible binding for global variable 'fn'
semi_join: no visible binding for global variable 'fn'
Undefined global functions or variables:
  fn
* checking Rd files ... WARNING
prepare_Rd: man/anti_join.Rd:9: unexpected section header '\details'
prepare_Rd: man/cross_join.Rd:8: unexpected '}'
prepare_Rd: man/full_outer_exclusive_join.Rd:10: unexpected section header '\details'
prepare_Rd: man/inner_join.Rd:9: unexpected section header '\details'
prepare_Rd: man/left_outer_join.Rd:9: unexpected section header '\details'
prepare_Rd: man/right_outer_join.Rd:10: unexpected section header '\details'
prepare_Rd: man/semi_join.Rd:9: unexpected section header '\details'
* checking Rd metadata ... OK
* checking Rd cross-references ... WARNING
Unknown package '<pkg>' in Rd xrefs
Missing link or links in documentation object 'joinEasy.Rd':
  'anti_join' 'cross_join'

See section 'Cross-references' in the 'Writing R Extensions' manual.
* checking for missing documentation entries ... WARNING
Undocumented code objects:
  'anti_join' 'cross_join' 'full_outer_exclusive_join' 'inner_join'
  'left_outer_join' 'right_outer_join' 'semi_join'
All user-level objects in a package should have documentation entries.
See chapter 'Writing R documentation files' in the 'Writing R
Extensions' manual.
* checking for code/documentation mismatches ... WARNING
Functions or methods with usage in documentation object 'anti_join' but not in code:
  '{'

Functions or methods with usage in documentation object 'full_outer_exclusive_join' but not in code:
  '{'

Functions or methods with usage in documentation object 'inner_join' but not in code:
  '{'

Functions or methods with usage in documentation object 'left_outer_join' but not in code:
  '{'

Functions or methods with usage in documentation object 'right_outer_join' but not in code:
  '{'

Functions or methods with usage in documentation object 'semi_join' but not in code:
  '{'

* checking Rd \usage sections ... WARNING
Undocumented arguments in documentation object 'anti_join'
  'anti_join(left, right)' 'anti_join(left, right, key)'
Objects in \usage without \alias in documentation object 'anti_join':
  '{'

Objects in \usage without \alias in documentation object 'cross_join':
  'cross_join'

Undocumented arguments in documentation object 'full_outer_exclusive_join'
  'full_outer_exclusive_join(left, right)'
  'full_outer_exclusive_join(left, right, key)'
Objects in \usage without \alias in documentation object 'full_outer_exclusive_join':
  '{'

Undocumented arguments in documentation object 'inner_join'
  'inner_join(left, right)' 'inner_join(left, right, key)'
Objects in \usage without \alias in documentation object 'inner_join':
  '{'

Undocumented arguments in documentation object 'left_outer_join'
  'left_outer_join(left, right)' 'left_outer_join(left, right, key)'
Objects in \usage without \alias in documentation object 'left_outer_join':
  '{'

Undocumented arguments in documentation object 'right_outer_join'
  'right_outer_join(left, right)' 'right_outer_join(left, right, key)'
Objects in \usage without \alias in documentation object 'right_outer_join':
  '{'

Undocumented arguments in documentation object 'semi_join'
  'semi_join(left, right)' 'semi_join(left, right, key)'
Objects in \usage without \alias in documentation object 'semi_join':
  '{'

Functions with \usage entries need to have the appropriate \alias
entries, and all their arguments documented.
The \usage entries must correspond to syntactically valid R code.
See chapter 'Writing R documentation files' in the 'Writing R
Extensions' manual.
* checking Rd contents ... OK
* checking for unstated dependencies in examples ... OK
* checking examples ... OK
* checking PDF version of manual ... WARNING
LaTeX errors when creating PDF version.
This typically indicates Rd problems.
LaTeX errors found:
* checking PDF version of manual without hyperrefs or index ... OK
* DONE
Status: 8 WARNINGs, 3 NOTEs
