This is pdfTeX, Version 3.14159265-2.6-1.40.21 (TeX Live 2020/W32TeX) (preloaded format=pdflatex 2020.9.20)  30 APR 2022 13:17
entering extended mode
 restricted \write18 enabled.
 %&-line parsing enabled.
**Rd2.tex
(./Rd2.tex
LaTeX2e <2020-02-02> patch level 5
L3 programming layer <2020-09-06>

(c:/Users/TheJerkBox/AppData/Roaming/TinyTeX/texmf-dist/tex/latex/base/book.cls
Document Class: book 2019/12/20 v1.4l Standard LaTeX document class

(c:/Users/TheJerkBox/AppData/Roaming/TinyTeX/texmf-dist/tex/latex/base/bk10.clo
File: bk10.clo 2019/12/20 v1.4l Standard LaTeX file (size option)
)
\c@part=\count168
\c@chapter=\count169
\c@section=\count170
\c@subsection=\count171
\c@subsubsection=\count172
\c@paragraph=\count173
\c@subparagraph=\count174
\c@figure=\count175
\c@table=\count176
\abovecaptionskip=\skip47
\belowcaptionskip=\skip48
\bibindent=\dimen134
) (c:/Program Files/R/R-4.1.3/share/texmf/tex/latex/Rd.sty
Package: Rd 

(c:/Users/TheJerkBox/AppData/Roaming/TinyTeX/texmf-dist/tex/latex/base/ifthen.s
ty
Package: ifthen 2014/09/29 v1.1c Standard LaTeX ifthen package (DPC)
)
(c:/Users/TheJerkBox/AppData/Roaming/TinyTeX/texmf-dist/tex/latex/tools/longtab
le.sty
Package: longtable 2020/01/07 v4.13 Multi-page Table package (DPC)
\LTleft=\skip49
\LTright=\skip50
\LTpre=\skip51
\LTpost=\skip52
\LTchunksize=\count177
\LTcapwidth=\dimen135
\LT@head=\box45
\LT@firsthead=\box46
\LT@foot=\box47
\LT@lastfoot=\box48
\LT@cols=\count178
\LT@rows=\count179
\c@LT@tables=\count180
\c@LT@chunks=\count181
\LT@p@ftn=\toks15
)
(c:/Users/TheJerkBox/AppData/Roaming/TinyTeX/texmf-dist/tex/latex/tools/bm.sty
Package: bm 2019/07/24 v1.2d Bold Symbol Support (DPC/FMi)
\symboldoperators=\mathgroup4
\symboldletters=\mathgroup5
\symboldsymbols=\mathgroup6
LaTeX Font Info:    Redeclaring math alphabet \mathbf on input line 141.
LaTeX Info: Redefining \bm on input line 209.
)
(c:/Users/TheJerkBox/AppData/Roaming/TinyTeX/texmf-dist/tex/latex/base/alltt.st
y
Package: alltt 1997/06/16 v2.0g defines alltt environment
)
(c:/Users/TheJerkBox/AppData/Roaming/TinyTeX/texmf-dist/tex/latex/tools/verbati
m.sty
Package: verbatim 2019/11/10 v1.5r LaTeX2e package for verbatim enhancements
\every@verbatim=\toks16
\verbatim@line=\toks17
\verbatim@in@stream=\read2
)
(c:/Users/TheJerkBox/AppData/Roaming/TinyTeX/texmf-dist/tex/latex/url/url.sty
\Urlmuskip=\muskip16
Package: url 2013/09/16  ver 3.4  Verb mode for urls, etc.
)
(c:/Users/TheJerkBox/AppData/Roaming/TinyTeX/texmf-dist/tex/latex/base/textcomp
.sty
Package: textcomp 2020/02/02 v2.0n Standard LaTeX package
)
\ldescriptionwidth=\skip53

(c:/Users/TheJerkBox/AppData/Roaming/TinyTeX/texmf-dist/tex/latex/inconsolata/z
i4.sty
Package: zi4 2019/05/17 v1.12

`inconsolata-zi4' v1.12, 2019/05/17 Text macros for Inconsolata (msharpe)
(c:/Users/TheJerkBox/AppData/Roaming/TinyTeX/texmf-dist/tex/latex/xkeyval/xkeyv
al.sty
Package: xkeyval 2014/12/03 v2.7a package option processing (HA)

(c:/Users/TheJerkBox/AppData/Roaming/TinyTeX/texmf-dist/tex/generic/xkeyval/xke
yval.tex
(c:/Users/TheJerkBox/AppData/Roaming/TinyTeX/texmf-dist/tex/generic/xkeyval/xkv
utils.tex
\XKV@toks=\toks18
\XKV@tempa@toks=\toks19

(c:/Users/TheJerkBox/AppData/Roaming/TinyTeX/texmf-dist/tex/generic/xkeyval/key
val.tex))
\XKV@depth=\count182
File: xkeyval.tex 2014/12/03 v2.7a key=value parser (HA)
))
\zifour@ocount=\count183
)
(c:/Users/TheJerkBox/AppData/Roaming/TinyTeX/texmf-dist/tex/latex/graphics/colo
r.sty
Package: color 2019/11/23 v1.2a Standard LaTeX Color (DPC)

(c:/Users/TheJerkBox/AppData/Roaming/TinyTeX/texmf-dist/tex/latex/graphics-cfg/
color.cfg
File: color.cfg 2016/01/02 v1.6 sample color configuration
)
Package color Info: Driver file: pdftex.def on input line 147.

(c:/Users/TheJerkBox/AppData/Roaming/TinyTeX/texmf-dist/tex/latex/graphics-def/
pdftex.def
File: pdftex.def 2020/08/26 v1.2 Graphics/color driver for pdftex
))
(c:/Users/TheJerkBox/AppData/Roaming/TinyTeX/texmf-dist/tex/latex/hyperref/hype
rref.sty
Package: hyperref 2020-05-15 v7.00e Hypertext links for LaTeX

(c:/Users/TheJerkBox/AppData/Roaming/TinyTeX/texmf-dist/tex/generic/ltxcmds/ltx
cmds.sty
Package: ltxcmds 2019/12/15 v1.24 LaTeX kernel commands for general use (HO)
)
(c:/Users/TheJerkBox/AppData/Roaming/TinyTeX/texmf-dist/tex/generic/iftex/iftex
.sty
Package: iftex 2020/03/06 v1.0d TeX engine tests
)
(c:/Users/TheJerkBox/AppData/Roaming/TinyTeX/texmf-dist/tex/generic/pdftexcmds/
pdftexcmds.sty
Package: pdftexcmds 2020-06-27 v0.33 Utility functions of pdfTeX for LuaTeX (HO
)

(c:/Users/TheJerkBox/AppData/Roaming/TinyTeX/texmf-dist/tex/generic/infwarerr/i
nfwarerr.sty
Package: infwarerr 2019/12/03 v1.5 Providing info/warning/error messages (HO)
)
Package pdftexcmds Info: \pdf@primitive is available.
Package pdftexcmds Info: \pdf@ifprimitive is available.
Package pdftexcmds Info: \pdfdraftmode found.
)
(c:/Users/TheJerkBox/AppData/Roaming/TinyTeX/texmf-dist/tex/generic/kvsetkeys/k
vsetkeys.sty
Package: kvsetkeys 2019/12/15 v1.18 Key value parser (HO)
)
(c:/Users/TheJerkBox/AppData/Roaming/TinyTeX/texmf-dist/tex/generic/kvdefinekey
s/kvdefinekeys.sty
Package: kvdefinekeys 2019-12-19 v1.6 Define keys (HO)
)
(c:/Users/TheJerkBox/AppData/Roaming/TinyTeX/texmf-dist/tex/generic/pdfescape/p
dfescape.sty
Package: pdfescape 2019/12/09 v1.15 Implements pdfTeX's escape features (HO)
)
(c:/Users/TheJerkBox/AppData/Roaming/TinyTeX/texmf-dist/tex/latex/hycolor/hycol
or.sty
Package: hycolor 2020-01-27 v1.10 Color options for hyperref/bookmark (HO)
)
(c:/Users/TheJerkBox/AppData/Roaming/TinyTeX/texmf-dist/tex/latex/letltxmacro/l
etltxmacro.sty
Package: letltxmacro 2019/12/03 v1.6 Let assignment for LaTeX macros (HO)
)
(c:/Users/TheJerkBox/AppData/Roaming/TinyTeX/texmf-dist/tex/latex/auxhook/auxho
ok.sty
Package: auxhook 2019-12-17 v1.6 Hooks for auxiliary files (HO)
)
(c:/Users/TheJerkBox/AppData/Roaming/TinyTeX/texmf-dist/tex/latex/kvoptions/kvo
ptions.sty
Package: kvoptions 2019/11/29 v3.13 Key value format for package options (HO)
)
\@linkdim=\dimen136
\Hy@linkcounter=\count184
\Hy@pagecounter=\count185

(c:/Users/TheJerkBox/AppData/Roaming/TinyTeX/texmf-dist/tex/latex/hyperref/pd1e
nc.def
File: pd1enc.def 2020-05-15 v7.00e Hyperref: PDFDocEncoding definition (HO)
Now handling font encoding PD1 ...
... no UTF-8 mapping file for font encoding PD1
)
(c:/Users/TheJerkBox/AppData/Roaming/TinyTeX/texmf-dist/tex/generic/intcalc/int
calc.sty
Package: intcalc 2019/12/15 v1.3 Expandable calculations with integers (HO)
)
(c:/Users/TheJerkBox/AppData/Roaming/TinyTeX/texmf-dist/tex/generic/etexcmds/et
excmds.sty
Package: etexcmds 2019/12/15 v1.7 Avoid name clashes with e-TeX commands (HO)
)
\Hy@SavedSpaceFactor=\count186
Package hyperref Info: Hyper figures OFF on input line 4464.
Package hyperref Info: Link nesting OFF on input line 4469.
Package hyperref Info: Hyper index ON on input line 4472.
Package hyperref Info: Plain pages OFF on input line 4479.
Package hyperref Info: Backreferencing OFF on input line 4484.
Package hyperref Info: Implicit mode ON; LaTeX internals redefined.
Package hyperref Info: Bookmarks ON on input line 4717.
\c@Hy@tempcnt=\count187
LaTeX Info: Redefining \url on input line 5076.
\XeTeXLinkMargin=\dimen137

(c:/Users/TheJerkBox/AppData/Roaming/TinyTeX/texmf-dist/tex/generic/bitset/bits
et.sty
Package: bitset 2019/12/09 v1.3 Handle bit-vector datatype (HO)

(c:/Users/TheJerkBox/AppData/Roaming/TinyTeX/texmf-dist/tex/generic/bigintcalc/
bigintcalc.sty
Package: bigintcalc 2019/12/15 v1.5 Expandable calculations on big integers (HO
)
))
\Fld@menulength=\count188
\Field@Width=\dimen138
\Fld@charsize=\dimen139
Package hyperref Info: Hyper figures OFF on input line 6347.
Package hyperref Info: Link nesting OFF on input line 6352.
Package hyperref Info: Hyper index ON on input line 6355.
Package hyperref Info: backreferencing OFF on input line 6362.
Package hyperref Info: Link coloring OFF on input line 6367.
Package hyperref Info: Link coloring with OCG OFF on input line 6372.
Package hyperref Info: PDF/A mode OFF on input line 6377.
LaTeX Info: Redefining \ref on input line 6417.
LaTeX Info: Redefining \pageref on input line 6421.

(c:/Users/TheJerkBox/AppData/Roaming/TinyTeX/texmf-dist/tex/generic/atbegshi/at
begshi.sty
Package: atbegshi 2019/12/05 v1.19 At begin shipout hook (HO)
)
\Hy@abspage=\count189
\c@Item=\count190
\c@Hfootnote=\count191
)
Package hyperref Info: Driver (autodetected): hpdftex.

(c:/Users/TheJerkBox/AppData/Roaming/TinyTeX/texmf-dist/tex/latex/hyperref/hpdf
tex.def
File: hpdftex.def 2020-05-15 v7.00e Hyperref driver for pdfTeX

(c:/Users/TheJerkBox/AppData/Roaming/TinyTeX/texmf-dist/tex/latex/atveryend/atv
eryend.sty
Package: atveryend 2019-12-11 v1.11 Hooks at the very end of document (HO)
Package atveryend Info: \enddocument detected (standard20110627).
)
\Fld@listcount=\count192
\c@bookmark@seq@number=\count193

(c:/Users/TheJerkBox/AppData/Roaming/TinyTeX/texmf-dist/tex/latex/rerunfilechec
k/rerunfilecheck.sty
Package: rerunfilecheck 2019/12/05 v1.9 Rerun checks for auxiliary files (HO)

(c:/Users/TheJerkBox/AppData/Roaming/TinyTeX/texmf-dist/tex/generic/uniquecount
er/uniquecounter.sty
Package: uniquecounter 2019/12/15 v1.4 Provide unlimited unique counter (HO)
)
Package uniquecounter Info: New unique counter `rerunfilecheck' on input line 2
86.
)
\Hy@SectionHShift=\skip54
)

Package hyperref Warning: Option `hyperindex' has already been used,
(hyperref)                setting the option has no effect on input line 378.

Package hyperref Info: Option `colorlinks' set `true' on input line 378.

Package hyperref Warning: Option `pagebackref' has already been used,
(hyperref)                setting the option has no effect on input line 378.

Package hyperref Info: Option `linktocpage' set `true' on input line 378.
Package hyperref Info: Option `plainpages' set `false' on input line 378.
)
(c:/Users/TheJerkBox/AppData/Roaming/TinyTeX/texmf-dist/tex/latex/base/makeidx.
sty
Package: makeidx 2014/09/29 v1.0m Standard LaTeX package
)
(c:/Users/TheJerkBox/AppData/Roaming/TinyTeX/texmf-dist/tex/latex/base/inputenc
.sty
Package: inputenc 2018/08/11 v1.3c Input encoding file
\inpenc@prehook=\toks20
\inpenc@posthook=\toks21

(c:/Users/TheJerkBox/AppData/Roaming/TinyTeX/texmf-dist/tex/latex/base/latin1.d
ef
File: latin1.def 2018/08/11 v1.3c Input encoding file
))
\@indexfile=\write3
\openout3 = `Rd2.idx'.


Writing index file Rd2.idx

(c:/Users/TheJerkBox/AppData/Roaming/TinyTeX/texmf-dist/tex/latex/l3backend/l3b
ackend-pdftex.def
File: l3backend-pdftex.def 2020-09-11 L3 backend support: PDF output (pdfTeX)
\l__kernel_color_stack_int=\count194
\l__pdf_internal_box=\box49
) (./Rd2.aux)
\openout1 = `Rd2.aux'.

LaTeX Font Info:    Checking defaults for OML/cmm/m/it on input line 8.
LaTeX Font Info:    ... okay on input line 8.
LaTeX Font Info:    Checking defaults for OMS/cmsy/m/n on input line 8.
LaTeX Font Info:    ... okay on input line 8.
LaTeX Font Info:    Checking defaults for OT1/cmr/m/n on input line 8.
LaTeX Font Info:    ... okay on input line 8.
LaTeX Font Info:    Checking defaults for T1/cmr/m/n on input line 8.
LaTeX Font Info:    ... okay on input line 8.
LaTeX Font Info:    Checking defaults for TS1/cmr/m/n on input line 8.
LaTeX Font Info:    ... okay on input line 8.
LaTeX Font Info:    Checking defaults for OMX/cmex/m/n on input line 8.
LaTeX Font Info:    ... okay on input line 8.
LaTeX Font Info:    Checking defaults for U/cmr/m/n on input line 8.
LaTeX Font Info:    ... okay on input line 8.
LaTeX Font Info:    Checking defaults for PD1/pdf/m/n on input line 8.
LaTeX Font Info:    ... okay on input line 8.
\AtBeginShipoutBox=\box50
Package hyperref Info: Link coloring ON on input line 8.

(c:/Users/TheJerkBox/AppData/Roaming/TinyTeX/texmf-dist/tex/latex/hyperref/name
ref.sty
Package: nameref 2019/09/16 v2.46 Cross-referencing by name of section

(c:/Users/TheJerkBox/AppData/Roaming/TinyTeX/texmf-dist/tex/latex/refcount/refc
ount.sty
Package: refcount 2019/12/15 v3.6 Data extraction from label references (HO)
)
(c:/Users/TheJerkBox/AppData/Roaming/TinyTeX/texmf-dist/tex/generic/gettitlestr
ing/gettitlestring.sty
Package: gettitlestring 2019/12/15 v1.6 Cleanup title references (HO)
)
\c@section@level=\count195
)
LaTeX Info: Redefining \ref on input line 8.
LaTeX Info: Redefining \pageref on input line 8.
LaTeX Info: Redefining \nameref on input line 8.
 (./Rd2.out) (./Rd2.out)
\@outlinefile=\write4
\openout4 = `Rd2.out'.

LaTeX Font Info:    Trying to load font information for OT1+zi4 on input line 2
1.

(c:/Users/TheJerkBox/AppData/Roaming/TinyTeX/texmf-dist/tex/latex/inconsolata/o
t1zi4.fd
File: ot1zi4.fd 2018/01/14 OT1/zi4 (Inconsolata)
)
LaTeX Font Info:    Font shape `OT1/zi4/m/n' will be
(Font)              scaled to size 10.0pt on input line 21.
LaTeX Font Info:    Trying to load font information for OML+zi4 on input line 2
1.
LaTeX Font Info:    No file OMLzi4.fd. on input line 21.


LaTeX Font Warning: Font shape `OML/zi4/m/n' undefined
(Font)              using `OML/cmm/m/it' instead
(Font)              for symbol `textless' on input line 21.

(./Rd2.toc
LaTeX Font Info:    External font `cmex10' loaded for size
(Font)              <7> on input line 1.
LaTeX Font Info:    External font `cmex10' loaded for size
(Font)              <5> on input line 1.
)
\tf@toc=\write5
\openout5 = `Rd2.toc'.


(c:/Users/TheJerkBox/AppData/Roaming/TinyTeX/texmf-dist/tex/latex/base/utf8.def
File: utf8.def 2019/11/14 v1.2k UTF-8 support for inputenc
) [1


{c:/Users/TheJerkBox/AppData/Roaming/TinyTeX/texmf-var/fonts/map/pdftex/updmap/
pdftex.map}]
Overfull \hbox (8.51448pt too wide) in paragraph at lines 49--50
[]\OT1/cmr/m/n/10 The pri-mary key value. If not pro-vided, the func-tion will 
use the dataframes'
 []

LaTeX Font Info:    Font shape `OT1/zi4/m/n' will be
(Font)              scaled to size 9.0pt on input line 60.
LaTeX Font Info:    Trying to load font information for TS1+zi4 on input line 6
2.

(c:/Users/TheJerkBox/AppData/Roaming/TinyTeX/texmf-dist/tex/latex/inconsolata/t
s1zi4.fd
File: ts1zi4.fd 2018/01/14 TS1/zi4 (Inconsolata)
)
LaTeX Font Info:    Font shape `TS1/zi4/m/n' will be
(Font)              scaled to size 9.0pt on input line 62.
 [2]
Overfull \hbox (8.51448pt too wide) in paragraph at lines 132--133
[]\OT1/cmr/m/n/10 The pri-mary key value. If not pro-vided, the func-tion will 
use the dataframes'
 []

[3]
Overfull \hbox (8.51448pt too wide) in paragraph at lines 175--176
[]\OT1/cmr/m/n/10 The pri-mary key value. If not pro-vided, the func-tion will 
use the dataframes'
 []


Underfull \hbox (badness 10000) in paragraph at lines 206--208

 []

[4]
Overfull \hbox (8.51448pt too wide) in paragraph at lines 256--257
[]\OT1/cmr/m/n/10 The pri-mary key value. If not pro-vided, the func-tion will 
use the dataframes'
 []

[5]
Overfull \hbox (8.51448pt too wide) in paragraph at lines 300--301
[]\OT1/cmr/m/n/10 The pri-mary key value. If not pro-vided, the func-tion will 
use the dataframes'
 []

[6]
Overfull \hbox (8.51448pt too wide) in paragraph at lines 343--344
[]\OT1/cmr/m/n/10 The pri-mary key value. If not pro-vided, the func-tion will 
use the dataframes'
 []

No file Rd2.ind.
Package atveryend Info: Empty hook `BeforeClearDocument' on input line 365.
[7]
Package atveryend Info: Empty hook `AfterLastShipout' on input line 365.
 (./Rd2.aux)
Package atveryend Info: Executing hook `AtVeryEndDocument' on input line 365.
Package atveryend Info: Executing hook `AtEndAfterFileList' on input line 365.
Package rerunfilecheck Info: File `Rd2.out' has not changed.
(rerunfilecheck)             Checksum: EA6945B8D77BF4AE21F25FBF51C9BF98;537.


LaTeX Font Warning: Some font shapes were not available, defaults substituted.

Package atveryend Info: Empty hook `AtVeryVeryEnd' on input line 365.
 ) 
Here is how much of TeX's memory you used:
 5532 strings out of 482824
 88074 string characters out of 5954129
 349910 words of memory out of 5000000
 20722 multiletter control sequences out of 15000+600000
 541663 words of font info for 51 fonts, out of 8000000 for 9000
 14 hyphenation exceptions out of 8191
 53i,6n,43p,215b,568s stack positions out of 5000i,500n,10000p,200000b,80000s
pdfTeX warning (dest): name{Rfn.<pkg>} has been referenced but does not exist
, replaced by a fixed one

{c:/Users/TheJerkBox/AppData/Roaming/TinyTeX/texmf-dist/fonts/enc/dvips/inconso
lata/i4-ts1.enc}{c:/Users/TheJerkBox/AppData/Roaming/TinyTeX/texmf-dist/fonts/e
nc/dvips/inconsolata/i4-ot1-0.enc}<c:/Users/TheJerkBox/AppData/Roaming/TinyTeX/
texmf-dist/fonts/type1/public/inconsolata/Inconsolata-zi4r.pfb><c:/Users/TheJer
kBox/AppData/Roaming/TinyTeX/texmf-dist/fonts/type1/public/amsfonts/cm/cmbx10.p
fb><c:/Users/TheJerkBox/AppData/Roaming/TinyTeX/texmf-dist/fonts/type1/public/a
msfonts/cm/cmbx12.pfb><c:/Users/TheJerkBox/AppData/Roaming/TinyTeX/texmf-dist/f
onts/type1/public/amsfonts/cm/cmmi10.pfb><c:/Users/TheJerkBox/AppData/Roaming/T
inyTeX/texmf-dist/fonts/type1/public/amsfonts/cm/cmr10.pfb><c:/Users/TheJerkBox
/AppData/Roaming/TinyTeX/texmf-dist/fonts/type1/public/amsfonts/cm/cmr12.pfb><c
:/Users/TheJerkBox/AppData/Roaming/TinyTeX/texmf-dist/fonts/type1/public/amsfon
ts/cm/cmsl10.pfb><c:/Users/TheJerkBox/AppData/Roaming/TinyTeX/texmf-dist/fonts/
type1/public/amsfonts/cm/cmss12.pfb><c:/Users/TheJerkBox/AppData/Roaming/TinyTe
X/texmf-dist/fonts/type1/public/amsfonts/cm/cmti10.pfb>
Output written on Rd2.pdf (7 pages, 126678 bytes).
PDF statistics:
 190 PDF objects out of 1000 (max. 8388607)
 170 compressed objects within 2 object streams
 68 named destinations out of 1000 (max. 500000)
 65 words of extra memory for PDF output out of 10000 (max. 10000000)

