Hmm ... looks like a package
This is pdfTeX, Version 3.14159265-2.6-1.40.21 (TeX Live 2020/W32TeX) (preloaded format=pdflatex)
 restricted \write18 enabled.
entering extended mode
(./Rd2.tex
LaTeX2e <2020-02-02> patch level 5
L3 programming layer <2020-09-06>

(c:/Users/TheJerkBox/AppData/Roaming/TinyTeX/texmf-dist/tex/latex/base/book.cls
Document Class: book 2019/12/20 v1.4l Standard LaTeX document class

(c:/Users/TheJerkBox/AppData/Roaming/TinyTeX/texmf-dist/tex/latex/base/bk10.clo
)) (c:/Program Files/R/R-4.1.3/share/texmf/tex/latex/Rd.sty
(c:/Users/TheJerkBox/AppData/Roaming/TinyTeX/texmf-dist/tex/latex/base/ifthen.s
ty)
(c:/Users/TheJerkBox/AppData/Roaming/TinyTeX/texmf-dist/tex/latex/tools/longtab
le.sty)
(c:/Users/TheJerkBox/AppData/Roaming/TinyTeX/texmf-dist/tex/latex/tools/bm.sty)

(c:/Users/TheJerkBox/AppData/Roaming/TinyTeX/texmf-dist/tex/latex/base/alltt.st
y)
(c:/Users/TheJerkBox/AppData/Roaming/TinyTeX/texmf-dist/tex/latex/tools/verbati
m.sty)
(c:/Users/TheJerkBox/AppData/Roaming/TinyTeX/texmf-dist/tex/latex/url/url.sty)
(c:/Users/TheJerkBox/AppData/Roaming/TinyTeX/texmf-dist/tex/latex/base/textcomp
.sty))
(c:/Users/TheJerkBox/AppData/Roaming/TinyTeX/texmf-dist/tex/latex/base/inputenc
.sty
(c:/Users/TheJerkBox/AppData/Roaming/TinyTeX/texmf-dist/tex/latex/base/latin1.d
ef))
(c:/Users/TheJerkBox/AppData/Roaming/TinyTeX/texmf-dist/tex/latex/l3backend/l3b
ackend-pdftex.def)
No file Rd2.aux.

LaTeX Font Warning: Font shape `OML/cmtt/m/n' undefined
(Font)              using `OML/cmm/m/it' instead
(Font)              for symbol `textless' on input line 19.

No file Rd2.toc.

(c:/Users/TheJerkBox/AppData/Roaming/TinyTeX/texmf-dist/tex/latex/base/utf8.def
)
Overfull \hbox (8.51448pt too wide) in paragraph at lines 47--48
[]\OT1/cmr/m/n/10 The pri-mary key value. If not pro-vided, the func-tion will 
use the dataframes'
[1{c:/Users/TheJerkBox/AppData/Roaming/TinyTeX/texmf-var/fonts/map/pdftex/updma
p/pdftex.map}]
(c:/Users/TheJerkBox/AppData/Roaming/TinyTeX/texmf-dist/tex/latex/base/ts1cmtt.
fd) [2]
Overfull \hbox (9.02736pt too wide) in paragraph at lines 118--118
 []        \OT1/cmtt/m/n/10 # This function will be usable without providing a 
primary key value:[] 

Overfull \hbox (8.51448pt too wide) in paragraph at lines 130--131
[]\OT1/cmr/m/n/10 The pri-mary key value. If not pro-vided, the func-tion will 
use the dataframes'
[3]
Overfull \hbox (8.51448pt too wide) in paragraph at lines 173--174
[]\OT1/cmr/m/n/10 The pri-mary key value. If not pro-vided, the func-tion will 
use the dataframes'

Underfull \hbox (badness 10000) in paragraph at lines 204--206

[4]
Overfull \hbox (8.51448pt too wide) in paragraph at lines 254--255
[]\OT1/cmr/m/n/10 The pri-mary key value. If not pro-vided, the func-tion will 
use the dataframes'
[5]
Overfull \hbox (9.02736pt too wide) in paragraph at lines 286--286
 []        \OT1/cmtt/m/n/10 # This function will be usable without providing a 
primary key value:[] 

Overfull \hbox (8.51448pt too wide) in paragraph at lines 298--299
[]\OT1/cmr/m/n/10 The pri-mary key value. If not pro-vided, the func-tion will 
use the dataframes'
[6]
Overfull \hbox (8.51448pt too wide) in paragraph at lines 341--342
[]\OT1/cmr/m/n/10 The pri-mary key value. If not pro-vided, the func-tion will 
use the dataframes'
[7] (./Rd2.aux)

LaTeX Font Warning: Some font shapes were not available, defaults substituted.

 )
(see the transcript file for additional information) <c:/Users/TheJerkBox/AppDa
ta/Roaming/TinyTeX/texmf-var/fonts/pk/ljfour/jknappen/ec/tctt0900.600pk><c:/Use
rs/TheJerkBox/AppData/Roaming/TinyTeX/texmf-dist/fonts/type1/public/amsfonts/cm
/cmbx10.pfb><c:/Users/TheJerkBox/AppData/Roaming/TinyTeX/texmf-dist/fonts/type1
/public/amsfonts/cm/cmbx12.pfb><c:/Users/TheJerkBox/AppData/Roaming/TinyTeX/tex
mf-dist/fonts/type1/public/amsfonts/cm/cmmi10.pfb><c:/Users/TheJerkBox/AppData/
Roaming/TinyTeX/texmf-dist/fonts/type1/public/amsfonts/cm/cmr10.pfb><c:/Users/T
heJerkBox/AppData/Roaming/TinyTeX/texmf-dist/fonts/type1/public/amsfonts/cm/cmr
12.pfb><c:/Users/TheJerkBox/AppData/Roaming/TinyTeX/texmf-dist/fonts/type1/publ
ic/amsfonts/cm/cmsl10.pfb><c:/Users/TheJerkBox/AppData/Roaming/TinyTeX/texmf-di
st/fonts/type1/public/amsfonts/cm/cmss12.pfb><c:/Users/TheJerkBox/AppData/Roami
ng/TinyTeX/texmf-dist/fonts/type1/public/amsfonts/cm/cmti10.pfb><c:/Users/TheJe
rkBox/AppData/Roaming/TinyTeX/texmf-dist/fonts/type1/public/amsfonts/cm/cmtt10.
pfb><c:/Users/TheJerkBox/AppData/Roaming/TinyTeX/texmf-dist/fonts/type1/public/
amsfonts/cm/cmtt9.pfb>
Output written on Rd2.pdf (7 pages, 134162 bytes).
Transcript written on Rd2.log.
This is pdfTeX, Version 3.14159265-2.6-1.40.21 (TeX Live 2020/W32TeX) (preloaded format=pdflatex)
 restricted \write18 enabled.
entering extended mode
(./Rd2.tex
LaTeX2e <2020-02-02> patch level 5
L3 programming layer <2020-09-06>

(c:/Users/TheJerkBox/AppData/Roaming/TinyTeX/texmf-dist/tex/latex/base/book.cls
Document Class: book 2019/12/20 v1.4l Standard LaTeX document class

(c:/Users/TheJerkBox/AppData/Roaming/TinyTeX/texmf-dist/tex/latex/base/bk10.clo
)) (c:/Program Files/R/R-4.1.3/share/texmf/tex/latex/Rd.sty
(c:/Users/TheJerkBox/AppData/Roaming/TinyTeX/texmf-dist/tex/latex/base/ifthen.s
ty)
(c:/Users/TheJerkBox/AppData/Roaming/TinyTeX/texmf-dist/tex/latex/tools/longtab
le.sty)
(c:/Users/TheJerkBox/AppData/Roaming/TinyTeX/texmf-dist/tex/latex/tools/bm.sty)

(c:/Users/TheJerkBox/AppData/Roaming/TinyTeX/texmf-dist/tex/latex/base/alltt.st
y)
(c:/Users/TheJerkBox/AppData/Roaming/TinyTeX/texmf-dist/tex/latex/tools/verbati
m.sty)
(c:/Users/TheJerkBox/AppData/Roaming/TinyTeX/texmf-dist/tex/latex/url/url.sty)
(c:/Users/TheJerkBox/AppData/Roaming/TinyTeX/texmf-dist/tex/latex/base/textcomp
.sty))
(c:/Users/TheJerkBox/AppData/Roaming/TinyTeX/texmf-dist/tex/latex/base/inputenc
.sty
(c:/Users/TheJerkBox/AppData/Roaming/TinyTeX/texmf-dist/tex/latex/base/latin1.d
ef))
(c:/Users/TheJerkBox/AppData/Roaming/TinyTeX/texmf-dist/tex/latex/l3backend/l3b
ackend-pdftex.def) (./Rd2.aux)

LaTeX Font Warning: Font shape `OML/cmtt/m/n' undefined
(Font)              using `OML/cmm/m/it' instead
(Font)              for symbol `textless' on input line 19.

(./Rd2.toc)
(c:/Users/TheJerkBox/AppData/Roaming/TinyTeX/texmf-dist/tex/latex/base/utf8.def
) [1{c:/Users/TheJerkBox/AppData/Roaming/TinyTeX/texmf-var/fonts/map/pdftex/upd
map/pdftex.map}]
Overfull \hbox (8.51448pt too wide) in paragraph at lines 47--48
[]\OT1/cmr/m/n/10 The pri-mary key value. If not pro-vided, the func-tion will 
use the dataframes'

(c:/Users/TheJerkBox/AppData/Roaming/TinyTeX/texmf-dist/tex/latex/base/ts1cmtt.
fd) [2]
Overfull \hbox (9.02736pt too wide) in paragraph at lines 118--118
 []        \OT1/cmtt/m/n/10 # This function will be usable without providing a 
primary key value:[] 

Overfull \hbox (8.51448pt too wide) in paragraph at lines 130--131
[]\OT1/cmr/m/n/10 The pri-mary key value. If not pro-vided, the func-tion will 
use the dataframes'
[3]
Overfull \hbox (8.51448pt too wide) in paragraph at lines 173--174
[]\OT1/cmr/m/n/10 The pri-mary key value. If not pro-vided, the func-tion will 
use the dataframes'

Underfull \hbox (badness 10000) in paragraph at lines 204--206

[4]
Overfull \hbox (8.51448pt too wide) in paragraph at lines 254--255
[]\OT1/cmr/m/n/10 The pri-mary key value. If not pro-vided, the func-tion will 
use the dataframes'
[5]
Overfull \hbox (9.02736pt too wide) in paragraph at lines 286--286
 []        \OT1/cmtt/m/n/10 # This function will be usable without providing a 
primary key value:[] 

Overfull \hbox (8.51448pt too wide) in paragraph at lines 298--299
[]\OT1/cmr/m/n/10 The pri-mary key value. If not pro-vided, the func-tion will 
use the dataframes'
[6]
Overfull \hbox (8.51448pt too wide) in paragraph at lines 341--342
[]\OT1/cmr/m/n/10 The pri-mary key value. If not pro-vided, the func-tion will 
use the dataframes'
[7] (./Rd2.aux)

LaTeX Font Warning: Some font shapes were not available, defaults substituted.

 )
(see the transcript file for additional information) <c:/Users/TheJerkBox/AppDa
ta/Roaming/TinyTeX/texmf-var/fonts/pk/ljfour/jknappen/ec/tctt0900.600pk><c:/Use
rs/TheJerkBox/AppData/Roaming/TinyTeX/texmf-dist/fonts/type1/public/amsfonts/cm
/cmbx10.pfb><c:/Users/TheJerkBox/AppData/Roaming/TinyTeX/texmf-dist/fonts/type1
/public/amsfonts/cm/cmbx12.pfb><c:/Users/TheJerkBox/AppData/Roaming/TinyTeX/tex
mf-dist/fonts/type1/public/amsfonts/cm/cmmi10.pfb><c:/Users/TheJerkBox/AppData/
Roaming/TinyTeX/texmf-dist/fonts/type1/public/amsfonts/cm/cmr10.pfb><c:/Users/T
heJerkBox/AppData/Roaming/TinyTeX/texmf-dist/fonts/type1/public/amsfonts/cm/cmr
12.pfb><c:/Users/TheJerkBox/AppData/Roaming/TinyTeX/texmf-dist/fonts/type1/publ
ic/amsfonts/cm/cmsl10.pfb><c:/Users/TheJerkBox/AppData/Roaming/TinyTeX/texmf-di
st/fonts/type1/public/amsfonts/cm/cmss12.pfb><c:/Users/TheJerkBox/AppData/Roami
ng/TinyTeX/texmf-dist/fonts/type1/public/amsfonts/cm/cmti10.pfb><c:/Users/TheJe
rkBox/AppData/Roaming/TinyTeX/texmf-dist/fonts/type1/public/amsfonts/cm/cmtt10.
pfb><c:/Users/TheJerkBox/AppData/Roaming/TinyTeX/texmf-dist/fonts/type1/public/
amsfonts/cm/cmtt9.pfb>
Output written on Rd2.pdf (7 pages, 134536 bytes).
Transcript written on Rd2.log.
Saving output to 'joinEasy-manual.pdf' ...
Done
You may want to clean up by 'rm -Rf C:/Users/THEJER~1/AppData/Local/Temp/Rtmpw9HlxH/Rd2pdf5c98477541b'
